<?xml version="1.0" encoding="UTF-8"?>
<!-- Generated by org.testng.reporters.JUnitReportReporter -->
<testsuite hostname="DESKTOP-9M55QQJ" failures="0" tests="1" name="CrossBrowserStudy.Test1" time="8.972" errors="0" timestamp="2022-11-21T23:59:17 IST" skipped="0">
  <testcase classname="CrossBrowserStudy.Test1" name="LounchingFacebook" time="8.972"/>
  <system-out/>
</testsuite> <!-- CrossBrowserStudy.Test1 -->
