<?xml version="1.0" encoding="UTF-8"?>
<!-- Generated by org.testng.reporters.JUnitReportReporter -->
<testsuite hostname="DESKTOP-9M55QQJ" failures="0" tests="1" name="VerificationUsingTestNG.Testing" time="10.887" errors="0" timestamp="2022-11-19T23:23:00 IST" skipped="0">
  <testcase classname="VerificationUsingTestNG.Testing" name="VerifyCheckBoxStatus" time="10.887"/>
  <system-out/>
</testsuite> <!-- VerificationUsingTestNG.Testing -->
