<?xml version="1.0" encoding="UTF-8"?>
<!-- Generated by org.testng.reporters.JUnitReportReporter -->
<testsuite hostname="DESKTOP-9M55QQJ" failures="0" tests="4" name="SerialANDparralelExecutionStudy.SerialExecution" time="25.743" errors="0" timestamp="2022-12-10T14:25:49 IST" skipped="0">
  <testcase classname="SerialANDparralelExecutionStudy.SerialExecution" name="MyTest1" time="6.855"/>
  <system-out/>
  <testcase classname="SerialANDparralelExecutionStudy.SerialExecution" name="MyTest2" time="5.728"/>
  <system-out/>
  <testcase classname="SerialANDparralelExecutionStudy.SerialExecution" name="MyTest1" time="7.340"/>
  <system-out/>
  <testcase classname="SerialANDparralelExecutionStudy.SerialExecution" name="MyTest2" time="5.820"/>
  <system-out/>
</testsuite> <!-- SerialANDparralelExecutionStudy.SerialExecution -->
