<?xml version="1.0" encoding="UTF-8"?>
<!-- Generated by org.testng.reporters.JUnitReportReporter -->
<testsuite hostname="DESKTOP-9M55QQJ" failures="0" tests="2" name="TestNGXML.Testing2" time="0.002" errors="0" timestamp="2022-11-19T11:40:56 IST" skipped="0">
  <testcase classname="TestNGXML.Testing2" name="H" time="0.001"/>
  <system-out>
    <![CDATA[Test H is Running]]>
  </system-out>
  <testcase classname="TestNGXML.Testing2" name="F" time="0.001"/>
  <system-out>
    <![CDATA[Test F is Running]]>
  </system-out>
</testsuite> <!-- TestNGXML.Testing2 -->
