<?xml version="1.0" encoding="UTF-8"?>
<!-- Generated by org.testng.reporters.JUnitReportReporter -->
<testsuite hostname="DESKTOP-9M55QQJ" failures="0" tests="1" name="NeoStoxTestClasses.ValidateNeoStoxAccBalance" time="7.743" errors="0" timestamp="2022-11-29T23:43:49 IST" skipped="0">
  <testcase classname="NeoStoxTestClasses.ValidateNeoStoxAccBalance" name="validateNeoStoxAccBalance" time="7.743"/>
  <system-out>
    <![CDATA[waiting for element
getting Accbalance 
My accbalance is Rs.5,00,000.00
waiting for element
Taking screenshot
AccBalance test validated ]]>
  </system-out>
</testsuite> <!-- NeoStoxTestClasses.ValidateNeoStoxAccBalance -->
