<?xml version="1.0" encoding="UTF-8"?>
<!-- Generated by org.testng.reporters.JUnitReportReporter -->
<testsuite hostname="DESKTOP-9M55QQJ" failures="0" tests="1" name="TestNGStudy.MyTest" time="8.918" errors="0" timestamp="2022-11-19T02:41:15 IST" skipped="0">
  <testcase classname="TestNGStudy.MyTest" name="TEST1" time="8.918"/>
  <system-out/>
</testsuite> <!-- TestNGStudy.MyTest -->
