<?xml version="1.0" encoding="UTF-8"?>
<!-- Generated by org.testng.reporters.JUnitReportReporter -->
<testsuite hostname="DESKTOP-9M55QQJ" failures="0" tests="4" name="testNGKeywords.TimeOut" time="0.017" errors="0" timestamp="2022-12-11T11:15:29 IST" skipped="0">
  <testcase classname="testNGKeywords.TimeOut" name="A" time="0.011"/>
  <system-out>
    <![CDATA[method A is running]]>
  </system-out>
  <testcase classname="testNGKeywords.TimeOut" name="D" time="0.002"/>
  <system-out>
    <![CDATA[method D is running]]>
  </system-out>
  <testcase classname="testNGKeywords.TimeOut" name="B" time="0.002"/>
  <system-out>
    <![CDATA[method B is running]]>
  </system-out>
  <testcase classname="testNGKeywords.TimeOut" name="C" time="0.002"/>
  <system-out>
    <![CDATA[method C is running]]>
  </system-out>
</testsuite> <!-- testNGKeywords.TimeOut -->
