<?xml version="1.0" encoding="UTF-8"?>
<!-- Generated by org.testng.reporters.JUnitReportReporter -->
<testsuite hostname="DESKTOP-9M55QQJ" failures="0" tests="1" name="TestNGStudy.MyTest1" time="0.008" errors="0" timestamp="2022-11-19T10:13:01 IST" skipped="0">
  <testcase classname="TestNGStudy.MyTest1" name="A" time="0.008"/>
  <system-out>
    <![CDATA[Test A is Running]]>
  </system-out>
</testsuite> <!-- TestNGStudy.MyTest1 -->
