<?xml version="1.0" encoding="UTF-8"?>
<!-- Generated by org.testng.reporters.JUnitReportReporter -->
<testsuite hostname="DESKTOP-9M55QQJ" failures="0" tests="4" name="testNGKeywords.Enable" time="0.010" errors="0" timestamp="2022-12-11T11:09:30 IST" skipped="1">
  <testcase classname="testNGKeywords.Enable" name="A" time="0.008"/>
  <system-out>
    <![CDATA[method A is running]]>
  </system-out>
  <testcase classname="testNGKeywords.Enable" name="B" time="0.001"/>
  <system-out>
    <![CDATA[method B is running]]>
  </system-out>
  <testcase classname="testNGKeywords.Enable" name="D" time="0.001"/>
  <system-out>
    <![CDATA[method D is running]]>
  </system-out>
  <testcase classname="testNGKeywords.Enable" name="C">
    <skipped/>
  </testcase> <!-- C -->
  <system-out/>
</testsuite> <!-- testNGKeywords.Enable -->
