<?xml version="1.0" encoding="UTF-8"?>
<!-- Generated by org.testng.reporters.JUnitReportReporter -->
<testsuite hostname="DESKTOP-9M55QQJ" failures="0" tests="4" name="GroupingStudy.Testing4" time="0.005" errors="0" timestamp="2022-11-19T12:00:20 IST" skipped="0">
  <testcase classname="GroupingStudy.Testing4" name="H" time="0.001"/>
  <system-out>
    <![CDATA[Test H is Running]]>
  </system-out>
  <testcase classname="GroupingStudy.Testing4" name="E" time="0.002"/>
  <system-out>
    <![CDATA[Test E is Running]]>
  </system-out>
  <testcase classname="GroupingStudy.Testing4" name="G" time="0.001"/>
  <system-out>
    <![CDATA[Test G is Running]]>
  </system-out>
  <testcase classname="GroupingStudy.Testing4" name="F" time="0.001"/>
  <system-out>
    <![CDATA[Test F is Running]]>
  </system-out>
</testsuite> <!-- GroupingStudy.Testing4 -->
