<?xml version="1.0" encoding="UTF-8"?>
<!-- Generated by org.testng.reporters.JUnitReportReporter -->
<testsuite hostname="DESKTOP-9M55QQJ" failures="0" tests="4" name="FailedTestcaseRun.Testing5" time="0.013" errors="0" timestamp="2022-11-19T12:12:53 IST" skipped="0">
  <testcase classname="FailedTestcaseRun.Testing5" name="A" time="0.009"/>
  <system-out>
    <![CDATA[Test A is Running]]>
  </system-out>
  <testcase classname="FailedTestcaseRun.Testing5" name="D" time="0.001"/>
  <system-out>
    <![CDATA[Test D is Running]]>
  </system-out>
  <testcase classname="FailedTestcaseRun.Testing5" name="B" time="0.001"/>
  <system-out>
    <![CDATA[Test B is Running]]>
  </system-out>
  <testcase classname="FailedTestcaseRun.Testing5" name="C" time="0.002"/>
  <system-out>
    <![CDATA[Test C is Running]]>
  </system-out>
</testsuite> <!-- FailedTestcaseRun.Testing5 -->
