<?xml version="1.0" encoding="UTF-8"?>
<!-- Generated by org.testng.reporters.JUnitReportReporter -->
<testsuite hostname="DESKTOP-9M55QQJ" failures="0" tests="1" name="AssertStaticMethodsStudy.Assertfalse" time="0.013" errors="0" timestamp="2022-12-11T01:54:46 IST" skipped="0">
  <testcase classname="AssertStaticMethodsStudy.Assertfalse" name="Testing" time="0.013"/>
  <system-out/>
</testsuite> <!-- AssertStaticMethodsStudy.Assertfalse -->
