<?xml version="1.0" encoding="UTF-8"?>
<!-- Generated by org.testng.reporters.JUnitReportReporter -->
<testsuite hostname="DESKTOP-9M55QQJ" failures="0" tests="2" name="CrossBrowserStudy.CBTesting" time="12.439" errors="0" timestamp="2022-11-22T00:59:18 IST" skipped="0">
  <testcase classname="CrossBrowserStudy.CBTesting" name="BrowserTest" time="6.335"/>
  <system-out/>
  <testcase classname="CrossBrowserStudy.CBTesting" name="BrowserTest" time="6.104"/>
  <system-out/>
</testsuite> <!-- CrossBrowserStudy.CBTesting -->
