<?xml version="1.0" encoding="UTF-8"?>
<!-- Generated by org.testng.reporters.JUnitReportReporter -->
<testsuite hostname="DESKTOP-9M55QQJ" failures="0" tests="1" name="SerialANDparralelExecutionStudy.TestClass2" time="8.939" errors="0" timestamp="2022-12-10T20:02:11 IST" skipped="0">
  <testcase classname="SerialANDparralelExecutionStudy.TestClass2" name="MyTest1" time="8.939"/>
  <system-out/>
</testsuite> <!-- SerialANDparralelExecutionStudy.TestClass2 -->
