<?xml version="1.0" encoding="UTF-8"?>
<!-- Generated by org.testng.reporters.JUnitReportReporter -->
<testsuite hostname="DESKTOP-9M55QQJ" failures="0" tests="1" name="TestNGStudy.TestNGAnnotations" time="0.006" errors="0" timestamp="2022-11-19T10:48:09 IST" skipped="0">
  <testcase classname="TestNGStudy.TestNGAnnotations" name="MyTest1" time="0.006"/>
  <system-out>
    <![CDATA[Hi This Is MyTest1]]>
  </system-out>
</testsuite> <!-- TestNGStudy.TestNGAnnotations -->
