<?xml version="1.0" encoding="UTF-8"?>
<!-- Generated by org.testng.reporters.JUnitReportReporter -->
<testsuite hostname="DESKTOP-9M55QQJ" failures="0" tests="1" name="SerialANDparralelExecutionStudy.Testclass1" time="6.121" errors="0" timestamp="2022-12-10T20:02:11 IST" skipped="0">
  <testcase classname="SerialANDparralelExecutionStudy.Testclass1" name="MyTest1" time="6.121"/>
  <system-out/>
</testsuite> <!-- SerialANDparralelExecutionStudy.Testclass1 -->
