<?xml version="1.0" encoding="UTF-8"?>
<!-- Generated by org.testng.reporters.JUnitReportReporter -->
<testsuite hostname="DESKTOP-9M55QQJ" failures="0" tests="1" name="TestNGStudy.ValidateUserId" time="0.007" errors="0" timestamp="2022-11-19T10:29:11 IST" skipped="0">
  <testcase classname="TestNGStudy.ValidateUserId" name="validateupstoxuserid" time="0.007"/>
  <system-out>
    <![CDATA[User ID Validated]]>
  </system-out>
</testsuite> <!-- TestNGStudy.ValidateUserId -->
