<?xml version="1.0" encoding="UTF-8"?>
<!-- Generated by org.testng.reporters.JUnitReportReporter -->
<testsuite hostname="DESKTOP-9M55QQJ" failures="0" tests="1" name="GroupingStudy.Testing3" time="0.010" errors="0" timestamp="2022-11-19T12:00:49 IST" skipped="0">
  <testcase classname="GroupingStudy.Testing3" name="D" time="0.010"/>
  <system-out>
    <![CDATA[Test D is Running]]>
  </system-out>
</testsuite> <!-- GroupingStudy.Testing3 -->
