<?xml version="1.0" encoding="UTF-8"?>
<!-- Generated by org.testng.reporters.JUnitReportReporter -->
<testsuite hostname="DESKTOP-9M55QQJ" failures="0" tests="4" name="testNGKeywords.Priority" time="0.020" errors="0" timestamp="2022-11-19T10:57:22 IST" skipped="0">
  <testcase classname="testNGKeywords.Priority" name="C" time="0.012"/>
  <system-out>
    <![CDATA[method C is running]]>
  </system-out>
  <testcase classname="testNGKeywords.Priority" name="A" time="0.003"/>
  <system-out>
    <![CDATA[method A is running]]>
  </system-out>
  <testcase classname="testNGKeywords.Priority" name="B" time="0.002"/>
  <system-out>
    <![CDATA[method B is running]]>
  </system-out>
  <testcase classname="testNGKeywords.Priority" name="D" time="0.003"/>
  <system-out>
    <![CDATA[method D is running]]>
  </system-out>
</testsuite> <!-- testNGKeywords.Priority -->
