<?xml version="1.0" encoding="UTF-8"?>
<!-- Generated by org.testng.reporters.JUnitReportReporter -->
<testsuite hostname="DESKTOP-9M55QQJ" failures="0" tests="1" name="AssertStaticMethodsStudy.AssertTrue" time="0.011" errors="0" timestamp="2022-12-11T01:53:49 IST" skipped="0">
  <testcase classname="AssertStaticMethodsStudy.AssertTrue" name="Testing" time="0.011"/>
  <system-out/>
</testsuite> <!-- AssertStaticMethodsStudy.AssertTrue -->
