<?xml version="1.0" encoding="UTF-8"?>
<!-- Generated by org.testng.reporters.JUnitReportReporter -->
<testsuite hostname="DESKTOP-9M55QQJ" failures="0" tests="2" name="CrossBrowserStudy.CBTesting1" time="14.269" errors="0" timestamp="2022-11-23T00:53:24 IST" skipped="0">
  <testcase classname="CrossBrowserStudy.CBTesting1" name="CrossBrowserTesting" time="6.976"/>
  <system-out/>
  <testcase classname="CrossBrowserStudy.CBTesting1" name="CrossBrowserTesting" time="7.293"/>
  <system-out/>
</testsuite> <!-- CrossBrowserStudy.CBTesting1 -->
