<?xml version="1.0" encoding="UTF-8"?>
<!-- Generated by org.testng.reporters.JUnitReportReporter -->
<testsuite hostname="DESKTOP-9M55QQJ" failures="0" tests="1" name="AssertStaticMethodsStudy.AssertNotEqual" time="0.012" errors="0" timestamp="2022-12-11T01:47:58 IST" skipped="0">
  <testcase classname="AssertStaticMethodsStudy.AssertNotEqual" name="Testing" time="0.012"/>
  <system-out/>
</testsuite> <!-- AssertStaticMethodsStudy.AssertNotEqual -->
